2018-05-02 13:35:27 WARN  RoomDAOImpl:279 - The method was not completed.
com.mysql.jdbc.exceptions.jdbc4.MySQLSyntaxErrorException: You have an error in your SQL syntax; check the manual that corresponds to your MySQL server version for the right syntax to use near ') AS table_without_invisible WHERE empty_rooms_amount>'0'' at line 10
	at sun.reflect.NativeConstructorAccessorImpl.newInstance0(Native Method)
	at sun.reflect.NativeConstructorAccessorImpl.newInstance(NativeConstructorAccessorImpl.java:62)
	at sun.reflect.DelegatingConstructorAccessorImpl.newInstance(DelegatingConstructorAccessorImpl.java:45)
	at java.lang.reflect.Constructor.newInstance(Constructor.java:423)
	at com.mysql.jdbc.Util.handleNewInstance(Util.java:425)
	at com.mysql.jdbc.Util.getInstance(Util.java:408)
	at com.mysql.jdbc.SQLError.createSQLException(SQLError.java:944)
	at com.mysql.jdbc.MysqlIO.checkErrorPacket(MysqlIO.java:3976)
	at com.mysql.jdbc.MysqlIO.checkErrorPacket(MysqlIO.java:3912)
	at com.mysql.jdbc.MysqlIO.sendCommand(MysqlIO.java:2530)
	at com.mysql.jdbc.MysqlIO.sqlQueryDirect(MysqlIO.java:2683)
	at com.mysql.jdbc.ConnectionImpl.execSQL(ConnectionImpl.java:2486)
	at com.mysql.jdbc.PreparedStatement.executeInternal(PreparedStatement.java:1858)
	at com.mysql.jdbc.PreparedStatement.executeQuery(PreparedStatement.java:1966)
	at com.epam.final_task.dao.impl.RoomDAOImpl.getAllEmptyVisibleRoomsInRange(RoomDAOImpl.java:266)
	at com.epam.final_task.dao.impl.RoomDAOImpl.main(RoomDAOImpl.java:607)
2018-05-02 13:37:30 WARN  RoomDAOImpl:279 - The method was not completed.
com.mysql.jdbc.exceptions.jdbc4.MySQLSyntaxErrorException: You have an error in your SQL syntax; check the manual that corresponds to your MySQL server version for the right syntax to use near ') AS table_without_invisible WHERE empty_rooms_amount>'0'' at line 10
	at sun.reflect.NativeConstructorAccessorImpl.newInstance0(Native Method)
	at sun.reflect.NativeConstructorAccessorImpl.newInstance(NativeConstructorAccessorImpl.java:62)
	at sun.reflect.DelegatingConstructorAccessorImpl.newInstance(DelegatingConstructorAccessorImpl.java:45)
	at java.lang.reflect.Constructor.newInstance(Constructor.java:423)
	at com.mysql.jdbc.Util.handleNewInstance(Util.java:425)
	at com.mysql.jdbc.Util.getInstance(Util.java:408)
	at com.mysql.jdbc.SQLError.createSQLException(SQLError.java:944)
	at com.mysql.jdbc.MysqlIO.checkErrorPacket(MysqlIO.java:3976)
	at com.mysql.jdbc.MysqlIO.checkErrorPacket(MysqlIO.java:3912)
	at com.mysql.jdbc.MysqlIO.sendCommand(MysqlIO.java:2530)
	at com.mysql.jdbc.MysqlIO.sqlQueryDirect(MysqlIO.java:2683)
	at com.mysql.jdbc.ConnectionImpl.execSQL(ConnectionImpl.java:2486)
	at com.mysql.jdbc.PreparedStatement.executeInternal(PreparedStatement.java:1858)
	at com.mysql.jdbc.PreparedStatement.executeQuery(PreparedStatement.java:1966)
	at com.epam.final_task.dao.impl.RoomDAOImpl.getAllEmptyVisibleRoomsInRange(RoomDAOImpl.java:266)
	at com.epam.final_task.dao.impl.RoomDAOImpl.main(RoomDAOImpl.java:607)
2018-05-03 00:53:47 WARN  RoomDAOImpl:638 - The method was not completed.
java.text.ParseException: Unparseable date: "13.37"
	at java.text.DateFormat.parse(DateFormat.java:366)
	at com.epam.final_task.dao.impl.RoomDAOImpl.getUserHistory(RoomDAOImpl.java:627)
	at com.epam.final_task.dao.impl.RoomDAOImpl.main(RoomDAOImpl.java:668)
2018-05-03 00:58:29 WARN  RoomDAOImpl:638 - The method was not completed.
java.text.ParseException: Unparseable date: "13.37"
	at java.text.DateFormat.parse(DateFormat.java:366)
	at com.epam.final_task.dao.impl.RoomDAOImpl.getUserHistory(RoomDAOImpl.java:627)
	at com.epam.final_task.dao.impl.RoomDAOImpl.main(RoomDAOImpl.java:668)
2018-05-03 01:29:41 WARN  UserDAOImpl:229 - The method was not completed.
java.sql.SQLException: Data truncated for column 'role' at row 1
	at com.mysql.jdbc.SQLError.createSQLException(SQLError.java:965)
	at com.mysql.jdbc.MysqlIO.checkErrorPacket(MysqlIO.java:3976)
	at com.mysql.jdbc.MysqlIO.checkErrorPacket(MysqlIO.java:3912)
	at com.mysql.jdbc.MysqlIO.sendCommand(MysqlIO.java:2530)
	at com.mysql.jdbc.MysqlIO.sqlQueryDirect(MysqlIO.java:2683)
	at com.mysql.jdbc.ConnectionImpl.execSQL(ConnectionImpl.java:2486)
	at com.mysql.jdbc.PreparedStatement.executeInternal(PreparedStatement.java:1858)
	at com.mysql.jdbc.PreparedStatement.execute(PreparedStatement.java:1197)
	at com.epam.final_task.dao.impl.UserDAOImpl.editUser(UserDAOImpl.java:227)
	at com.epam.final_task.dao.impl.UserDAOImpl.main(UserDAOImpl.java:295)
2018-05-03 01:32:17 WARN  UserDAOImpl:229 - The method was not completed.
java.sql.SQLException: Data truncated for column 'role' at row 1
	at com.mysql.jdbc.SQLError.createSQLException(SQLError.java:965)
	at com.mysql.jdbc.MysqlIO.checkErrorPacket(MysqlIO.java:3976)
	at com.mysql.jdbc.MysqlIO.checkErrorPacket(MysqlIO.java:3912)
	at com.mysql.jdbc.MysqlIO.sendCommand(MysqlIO.java:2530)
	at com.mysql.jdbc.MysqlIO.sqlQueryDirect(MysqlIO.java:2683)
	at com.mysql.jdbc.ConnectionImpl.execSQL(ConnectionImpl.java:2486)
	at com.mysql.jdbc.PreparedStatement.executeInternal(PreparedStatement.java:1858)
	at com.mysql.jdbc.PreparedStatement.executeUpdateInternal(PreparedStatement.java:2079)
	at com.mysql.jdbc.PreparedStatement.executeUpdateInternal(PreparedStatement.java:2013)
	at com.mysql.jdbc.PreparedStatement.executeLargeUpdate(PreparedStatement.java:5104)
	at com.mysql.jdbc.PreparedStatement.executeUpdate(PreparedStatement.java:1998)
	at com.epam.final_task.dao.impl.UserDAOImpl.editUser(UserDAOImpl.java:227)
	at com.epam.final_task.dao.impl.UserDAOImpl.main(UserDAOImpl.java:295)
2018-05-03 01:37:40 WARN  UserDAOImpl:229 - The method was not completed.
java.sql.SQLException: Data truncated for column 'role' at row 1
	at com.mysql.jdbc.SQLError.createSQLException(SQLError.java:965)
	at com.mysql.jdbc.MysqlIO.checkErrorPacket(MysqlIO.java:3976)
	at com.mysql.jdbc.MysqlIO.checkErrorPacket(MysqlIO.java:3912)
	at com.mysql.jdbc.MysqlIO.sendCommand(MysqlIO.java:2530)
	at com.mysql.jdbc.MysqlIO.sqlQueryDirect(MysqlIO.java:2683)
	at com.mysql.jdbc.ConnectionImpl.execSQL(ConnectionImpl.java:2486)
	at com.mysql.jdbc.PreparedStatement.executeInternal(PreparedStatement.java:1858)
	at com.mysql.jdbc.PreparedStatement.executeUpdateInternal(PreparedStatement.java:2079)
	at com.mysql.jdbc.PreparedStatement.executeUpdateInternal(PreparedStatement.java:2013)
	at com.mysql.jdbc.PreparedStatement.executeLargeUpdate(PreparedStatement.java:5104)
	at com.mysql.jdbc.PreparedStatement.executeUpdate(PreparedStatement.java:1998)
	at com.epam.final_task.dao.impl.UserDAOImpl.editUser(UserDAOImpl.java:227)
	at com.epam.final_task.dao.impl.UserDAOImpl.main(UserDAOImpl.java:295)
2018-05-03 02:04:47 WARN  UserDAOImpl:229 - The method was not completed.
com.mysql.jdbc.MysqlDataTruncation: Data truncation: Data too long for column 'telephone_number' at row 1
	at com.mysql.jdbc.MysqlIO.checkErrorPacket(MysqlIO.java:3974)
	at com.mysql.jdbc.MysqlIO.checkErrorPacket(MysqlIO.java:3912)
	at com.mysql.jdbc.MysqlIO.sendCommand(MysqlIO.java:2530)
	at com.mysql.jdbc.MysqlIO.sqlQueryDirect(MysqlIO.java:2683)
	at com.mysql.jdbc.ConnectionImpl.execSQL(ConnectionImpl.java:2486)
	at com.mysql.jdbc.PreparedStatement.executeInternal(PreparedStatement.java:1858)
	at com.mysql.jdbc.PreparedStatement.executeUpdateInternal(PreparedStatement.java:2079)
	at com.mysql.jdbc.PreparedStatement.executeUpdateInternal(PreparedStatement.java:2013)
	at com.mysql.jdbc.PreparedStatement.executeLargeUpdate(PreparedStatement.java:5104)
	at com.mysql.jdbc.PreparedStatement.executeUpdate(PreparedStatement.java:1998)
	at com.epam.final_task.dao.impl.UserDAOImpl.editUser(UserDAOImpl.java:227)
	at com.epam.final_task.dao.impl.UserDAOImpl.main(UserDAOImpl.java:295)
2018-05-05 00:02:20 WARN  UserDAOImpl:354 - The method was not completed.
com.mysql.jdbc.exceptions.jdbc4.MySQLSyntaxErrorException: You have an error in your SQL syntax; check the manual that corresponds to your MySQL server version for the right syntax to use near '?-1)*? LIMIT ?' at line 1
	at sun.reflect.NativeConstructorAccessorImpl.newInstance0(Native Method)
	at sun.reflect.NativeConstructorAccessorImpl.newInstance(NativeConstructorAccessorImpl.java:62)
	at sun.reflect.DelegatingConstructorAccessorImpl.newInstance(DelegatingConstructorAccessorImpl.java:45)
	at java.lang.reflect.Constructor.newInstance(Constructor.java:423)
	at com.mysql.jdbc.Util.handleNewInstance(Util.java:425)
	at com.mysql.jdbc.Util.getInstance(Util.java:408)
	at com.mysql.jdbc.SQLError.createSQLException(SQLError.java:944)
	at com.mysql.jdbc.MysqlIO.checkErrorPacket(MysqlIO.java:3976)
	at com.mysql.jdbc.MysqlIO.checkErrorPacket(MysqlIO.java:3912)
	at com.mysql.jdbc.MysqlIO.sendCommand(MysqlIO.java:2530)
	at com.mysql.jdbc.MysqlIO.sqlQueryDirect(MysqlIO.java:2683)
	at com.mysql.jdbc.ConnectionImpl.execSQL(ConnectionImpl.java:2482)
	at com.mysql.jdbc.ConnectionImpl.execSQL(ConnectionImpl.java:2440)
	at com.mysql.jdbc.StatementImpl.executeQuery(StatementImpl.java:1381)
	at com.epam.final_task.dao.impl.UserDAOImpl.getUserPage(UserDAOImpl.java:339)
	at com.epam.final_task.dao.impl.UserDAOImpl.main(UserDAOImpl.java:384)
2018-05-05 00:05:49 WARN  UserDAOImpl:357 - The method was not completed.
java.sql.SQLException: After end of result set
	at com.mysql.jdbc.SQLError.createSQLException(SQLError.java:965)
	at com.mysql.jdbc.SQLError.createSQLException(SQLError.java:898)
	at com.mysql.jdbc.SQLError.createSQLException(SQLError.java:887)
	at com.mysql.jdbc.SQLError.createSQLException(SQLError.java:861)
	at com.mysql.jdbc.ResultSetImpl.checkRowPos(ResultSetImpl.java:790)
	at com.mysql.jdbc.ResultSetImpl.getInt(ResultSetImpl.java:2475)
	at com.epam.final_task.dao.impl.UserDAOImpl.getUserPage(UserDAOImpl.java:354)
	at com.epam.final_task.dao.impl.UserDAOImpl.main(UserDAOImpl.java:387)
2018-05-17 00:34:14 WARN  RoomDAOImpl:464 - The method was not completed.
java.sql.SQLException: Field 'total_cost' doesn't have a default value
	at com.mysql.jdbc.SQLError.createSQLException(SQLError.java:965)
	at com.mysql.jdbc.MysqlIO.checkErrorPacket(MysqlIO.java:3976)
	at com.mysql.jdbc.MysqlIO.checkErrorPacket(MysqlIO.java:3912)
	at com.mysql.jdbc.MysqlIO.sendCommand(MysqlIO.java:2530)
	at com.mysql.jdbc.MysqlIO.sqlQueryDirect(MysqlIO.java:2683)
	at com.mysql.jdbc.ConnectionImpl.execSQL(ConnectionImpl.java:2486)
	at com.mysql.jdbc.PreparedStatement.executeInternal(PreparedStatement.java:1858)
	at com.mysql.jdbc.PreparedStatement.executeUpdateInternal(PreparedStatement.java:2079)
	at com.mysql.jdbc.PreparedStatement.executeUpdateInternal(PreparedStatement.java:2013)
	at com.mysql.jdbc.PreparedStatement.executeLargeUpdate(PreparedStatement.java:5104)
	at com.mysql.jdbc.PreparedStatement.executeUpdate(PreparedStatement.java:1998)
	at com.epam.final_task.dao.impl.RoomDAOImpl.userGetRooms(RoomDAOImpl.java:458)
	at com.epam.final_task.dao.impl.RoomDAOImpl.main(RoomDAOImpl.java:477)
2018-05-17 00:37:56 WARN  RoomDAOImpl:464 - The method was not completed.
java.sql.SQLException: Field 'total_cost' doesn't have a default value
	at com.mysql.jdbc.SQLError.createSQLException(SQLError.java:965)
	at com.mysql.jdbc.MysqlIO.checkErrorPacket(MysqlIO.java:3976)
	at com.mysql.jdbc.MysqlIO.checkErrorPacket(MysqlIO.java:3912)
	at com.mysql.jdbc.MysqlIO.sendCommand(MysqlIO.java:2530)
	at com.mysql.jdbc.MysqlIO.sqlQueryDirect(MysqlIO.java:2683)
	at com.mysql.jdbc.ConnectionImpl.execSQL(ConnectionImpl.java:2486)
	at com.mysql.jdbc.PreparedStatement.executeInternal(PreparedStatement.java:1858)
	at com.mysql.jdbc.PreparedStatement.executeUpdateInternal(PreparedStatement.java:2079)
	at com.mysql.jdbc.PreparedStatement.executeUpdateInternal(PreparedStatement.java:2013)
	at com.mysql.jdbc.PreparedStatement.executeLargeUpdate(PreparedStatement.java:5104)
	at com.mysql.jdbc.PreparedStatement.executeUpdate(PreparedStatement.java:1998)
	at com.epam.final_task.dao.impl.RoomDAOImpl.userGetRooms(RoomDAOImpl.java:458)
	at com.epam.final_task.dao.impl.RoomDAOImpl.main(RoomDAOImpl.java:477)
2018-05-17 01:25:15 WARN  RoomDAOImpl:561 - The method was not completed.
java.sql.SQLException: Column Index out of range, 13 > 12. 
	at com.mysql.jdbc.SQLError.createSQLException(SQLError.java:965)
	at com.mysql.jdbc.SQLError.createSQLException(SQLError.java:898)
	at com.mysql.jdbc.SQLError.createSQLException(SQLError.java:887)
	at com.mysql.jdbc.SQLError.createSQLException(SQLError.java:861)
	at com.mysql.jdbc.ResultSetImpl.checkColumnBounds(ResultSetImpl.java:767)
	at com.mysql.jdbc.ResultSetImpl.getStringInternal(ResultSetImpl.java:5216)
	at com.mysql.jdbc.ResultSetImpl.getString(ResultSetImpl.java:5138)
	at com.mysql.jdbc.ResultSetImpl.getDoubleInternal(ResultSetImpl.java:2275)
	at com.mysql.jdbc.ResultSetImpl.getDouble(ResultSetImpl.java:2243)
	at com.epam.final_task.dao.impl.RoomDAOImpl.getUserHistory(RoomDAOImpl.java:554)
	at com.epam.final_task.dao.impl.RoomDAOImpl.main(RoomDAOImpl.java:571)
2018-05-17 01:25:57 WARN  RoomDAOImpl:561 - The method was not completed.
java.sql.SQLException: Column Index out of range, 13 > 12. 
	at com.mysql.jdbc.SQLError.createSQLException(SQLError.java:965)
	at com.mysql.jdbc.SQLError.createSQLException(SQLError.java:898)
	at com.mysql.jdbc.SQLError.createSQLException(SQLError.java:887)
	at com.mysql.jdbc.SQLError.createSQLException(SQLError.java:861)
	at com.mysql.jdbc.ResultSetImpl.checkColumnBounds(ResultSetImpl.java:767)
	at com.mysql.jdbc.ResultSetImpl.getStringInternal(ResultSetImpl.java:5216)
	at com.mysql.jdbc.ResultSetImpl.getString(ResultSetImpl.java:5138)
	at com.mysql.jdbc.ResultSetImpl.getDoubleInternal(ResultSetImpl.java:2275)
	at com.mysql.jdbc.ResultSetImpl.getDouble(ResultSetImpl.java:2243)
	at com.epam.final_task.dao.impl.RoomDAOImpl.getUserHistory(RoomDAOImpl.java:554)
	at com.epam.final_task.dao.impl.RoomDAOImpl.main(RoomDAOImpl.java:571)
2018-05-17 10:25:37 WARN  RoomDAOImpl:670 - The method was not completed.
com.mysql.jdbc.exceptions.jdbc4.MySQLSyntaxErrorException: You have an error in your SQL syntax; check the manual that corresponds to your MySQL server version for the right syntax to use near '-5' at line 7
	at sun.reflect.NativeConstructorAccessorImpl.newInstance0(Native Method)
	at sun.reflect.NativeConstructorAccessorImpl.newInstance(NativeConstructorAccessorImpl.java:62)
	at sun.reflect.DelegatingConstructorAccessorImpl.newInstance(DelegatingConstructorAccessorImpl.java:45)
	at java.lang.reflect.Constructor.newInstance(Constructor.java:423)
	at com.mysql.jdbc.Util.handleNewInstance(Util.java:425)
	at com.mysql.jdbc.Util.getInstance(Util.java:408)
	at com.mysql.jdbc.SQLError.createSQLException(SQLError.java:944)
	at com.mysql.jdbc.MysqlIO.checkErrorPacket(MysqlIO.java:3976)
	at com.mysql.jdbc.MysqlIO.checkErrorPacket(MysqlIO.java:3912)
	at com.mysql.jdbc.MysqlIO.sendCommand(MysqlIO.java:2530)
	at com.mysql.jdbc.MysqlIO.sqlQueryDirect(MysqlIO.java:2683)
	at com.mysql.jdbc.ConnectionImpl.execSQL(ConnectionImpl.java:2486)
	at com.mysql.jdbc.PreparedStatement.executeInternal(PreparedStatement.java:1858)
	at com.mysql.jdbc.PreparedStatement.executeQuery(PreparedStatement.java:1966)
	at com.epam.final_task.dao.impl.RoomDAOImpl.getAllApplications(RoomDAOImpl.java:643)
	at com.epam.final_task.dao.impl.RoomDAOImpl.main(RoomDAOImpl.java:680)
2018-05-23 02:16:47 WARN  RoomDAOImpl:643 - The method was not completed.
java.sql.SQLException: After end of result set
	at com.mysql.jdbc.SQLError.createSQLException(SQLError.java:965)
	at com.mysql.jdbc.SQLError.createSQLException(SQLError.java:898)
	at com.mysql.jdbc.SQLError.createSQLException(SQLError.java:887)
	at com.mysql.jdbc.SQLError.createSQLException(SQLError.java:861)
	at com.mysql.jdbc.ResultSetImpl.checkRowPos(ResultSetImpl.java:790)
	at com.mysql.jdbc.ResultSetImpl.getInt(ResultSetImpl.java:2475)
	at com.epam.final_task.dao.impl.RoomDAOImpl.getUserHistory(RoomDAOImpl.java:641)
	at com.epam.final_task.dao.impl.RoomDAOImpl.main(RoomDAOImpl.java:653)
2018-05-26 12:21:43 WARN  UserDAOImpl:197 - The method was not completed.
com.mysql.jdbc.exceptions.jdbc4.MySQLIntegrityConstraintViolationException: Duplicate entry 'magnat118@mail.com' for key 'email_UNIQUE'
	at sun.reflect.NativeConstructorAccessorImpl.newInstance0(Native Method)
	at sun.reflect.NativeConstructorAccessorImpl.newInstance(NativeConstructorAccessorImpl.java:62)
	at sun.reflect.DelegatingConstructorAccessorImpl.newInstance(DelegatingConstructorAccessorImpl.java:45)
	at java.lang.reflect.Constructor.newInstance(Constructor.java:423)
	at com.mysql.jdbc.Util.handleNewInstance(Util.java:425)
	at com.mysql.jdbc.Util.getInstance(Util.java:408)
	at com.mysql.jdbc.SQLError.createSQLException(SQLError.java:936)
	at com.mysql.jdbc.MysqlIO.checkErrorPacket(MysqlIO.java:3976)
	at com.mysql.jdbc.MysqlIO.checkErrorPacket(MysqlIO.java:3912)
	at com.mysql.jdbc.MysqlIO.sendCommand(MysqlIO.java:2530)
	at com.mysql.jdbc.MysqlIO.sqlQueryDirect(MysqlIO.java:2683)
	at com.mysql.jdbc.ConnectionImpl.execSQL(ConnectionImpl.java:2486)
	at com.mysql.jdbc.PreparedStatement.executeInternal(PreparedStatement.java:1858)
	at com.mysql.jdbc.PreparedStatement.executeUpdateInternal(PreparedStatement.java:2079)
	at com.mysql.jdbc.PreparedStatement.executeUpdateInternal(PreparedStatement.java:2013)
	at com.mysql.jdbc.PreparedStatement.executeLargeUpdate(PreparedStatement.java:5104)
	at com.mysql.jdbc.PreparedStatement.executeUpdate(PreparedStatement.java:1998)
	at com.epam.final_task.dao.impl.UserDAOImpl.editUser(UserDAOImpl.java:195)
	at com.epam.final_task.dao.impl.UserDAOImplTest.editUser(UserDAOImplTest.java:95)
	at sun.reflect.NativeMethodAccessorImpl.invoke0(Native Method)
	at sun.reflect.NativeMethodAccessorImpl.invoke(NativeMethodAccessorImpl.java:62)
	at sun.reflect.DelegatingMethodAccessorImpl.invoke(DelegatingMethodAccessorImpl.java:43)
	at java.lang.reflect.Method.invoke(Method.java:498)
	at org.junit.runners.model.FrameworkMethod$1.runReflectiveCall(FrameworkMethod.java:50)
	at org.junit.internal.runners.model.ReflectiveCallable.run(ReflectiveCallable.java:12)
	at org.junit.runners.model.FrameworkMethod.invokeExplosively(FrameworkMethod.java:47)
	at org.junit.internal.runners.statements.InvokeMethod.evaluate(InvokeMethod.java:17)
	at org.junit.runners.ParentRunner.runLeaf(ParentRunner.java:325)
	at org.junit.runners.BlockJUnit4ClassRunner.runChild(BlockJUnit4ClassRunner.java:78)
	at org.junit.runners.BlockJUnit4ClassRunner.runChild(BlockJUnit4ClassRunner.java:57)
	at org.junit.runners.ParentRunner$3.run(ParentRunner.java:290)
	at org.junit.runners.ParentRunner$1.schedule(ParentRunner.java:71)
	at org.junit.runners.ParentRunner.runChildren(ParentRunner.java:288)
	at org.junit.runners.ParentRunner.access$000(ParentRunner.java:58)
	at org.junit.runners.ParentRunner$2.evaluate(ParentRunner.java:268)
	at org.junit.runners.ParentRunner.run(ParentRunner.java:363)
	at org.junit.runner.JUnitCore.run(JUnitCore.java:137)
	at com.intellij.junit4.JUnit4IdeaTestRunner.startRunnerWithArgs(JUnit4IdeaTestRunner.java:68)
	at com.intellij.rt.execution.junit.IdeaTestRunner$Repeater.startRunnerWithArgs(IdeaTestRunner.java:47)
	at com.intellij.rt.execution.junit.JUnitStarter.prepareStreamsAndStart(JUnitStarter.java:242)
	at com.intellij.rt.execution.junit.JUnitStarter.main(JUnitStarter.java:70)
2018-05-26 12:22:15 WARN  UserDAOImpl:197 - The method was not completed.
com.mysql.jdbc.exceptions.jdbc4.MySQLIntegrityConstraintViolationException: Duplicate entry 'magnat118@mail.com' for key 'email_UNIQUE'
	at sun.reflect.NativeConstructorAccessorImpl.newInstance0(Native Method)
	at sun.reflect.NativeConstructorAccessorImpl.newInstance(NativeConstructorAccessorImpl.java:62)
	at sun.reflect.DelegatingConstructorAccessorImpl.newInstance(DelegatingConstructorAccessorImpl.java:45)
	at java.lang.reflect.Constructor.newInstance(Constructor.java:423)
	at com.mysql.jdbc.Util.handleNewInstance(Util.java:425)
	at com.mysql.jdbc.Util.getInstance(Util.java:408)
	at com.mysql.jdbc.SQLError.createSQLException(SQLError.java:936)
	at com.mysql.jdbc.MysqlIO.checkErrorPacket(MysqlIO.java:3976)
	at com.mysql.jdbc.MysqlIO.checkErrorPacket(MysqlIO.java:3912)
	at com.mysql.jdbc.MysqlIO.sendCommand(MysqlIO.java:2530)
	at com.mysql.jdbc.MysqlIO.sqlQueryDirect(MysqlIO.java:2683)
	at com.mysql.jdbc.ConnectionImpl.execSQL(ConnectionImpl.java:2486)
	at com.mysql.jdbc.PreparedStatement.executeInternal(PreparedStatement.java:1858)
	at com.mysql.jdbc.PreparedStatement.executeUpdateInternal(PreparedStatement.java:2079)
	at com.mysql.jdbc.PreparedStatement.executeUpdateInternal(PreparedStatement.java:2013)
	at com.mysql.jdbc.PreparedStatement.executeLargeUpdate(PreparedStatement.java:5104)
	at com.mysql.jdbc.PreparedStatement.executeUpdate(PreparedStatement.java:1998)
	at com.epam.final_task.dao.impl.UserDAOImpl.editUser(UserDAOImpl.java:195)
	at com.epam.final_task.dao.impl.UserDAOImplTest.editUser(UserDAOImplTest.java:95)
	at sun.reflect.NativeMethodAccessorImpl.invoke0(Native Method)
	at sun.reflect.NativeMethodAccessorImpl.invoke(NativeMethodAccessorImpl.java:62)
	at sun.reflect.DelegatingMethodAccessorImpl.invoke(DelegatingMethodAccessorImpl.java:43)
	at java.lang.reflect.Method.invoke(Method.java:498)
	at org.junit.runners.model.FrameworkMethod$1.runReflectiveCall(FrameworkMethod.java:50)
	at org.junit.internal.runners.model.ReflectiveCallable.run(ReflectiveCallable.java:12)
	at org.junit.runners.model.FrameworkMethod.invokeExplosively(FrameworkMethod.java:47)
	at org.junit.internal.runners.statements.InvokeMethod.evaluate(InvokeMethod.java:17)
	at org.junit.runners.ParentRunner.runLeaf(ParentRunner.java:325)
	at org.junit.runners.BlockJUnit4ClassRunner.runChild(BlockJUnit4ClassRunner.java:78)
	at org.junit.runners.BlockJUnit4ClassRunner.runChild(BlockJUnit4ClassRunner.java:57)
	at org.junit.runners.ParentRunner$3.run(ParentRunner.java:290)
	at org.junit.runners.ParentRunner$1.schedule(ParentRunner.java:71)
	at org.junit.runners.ParentRunner.runChildren(ParentRunner.java:288)
	at org.junit.runners.ParentRunner.access$000(ParentRunner.java:58)
	at org.junit.runners.ParentRunner$2.evaluate(ParentRunner.java:268)
	at org.junit.runners.ParentRunner.run(ParentRunner.java:363)
	at org.junit.runner.JUnitCore.run(JUnitCore.java:137)
	at com.intellij.junit4.JUnit4IdeaTestRunner.startRunnerWithArgs(JUnit4IdeaTestRunner.java:68)
	at com.intellij.rt.execution.junit.IdeaTestRunner$Repeater.startRunnerWithArgs(IdeaTestRunner.java:47)
	at com.intellij.rt.execution.junit.JUnitStarter.prepareStreamsAndStart(JUnitStarter.java:242)
	at com.intellij.rt.execution.junit.JUnitStarter.main(JUnitStarter.java:70)
2018-05-26 12:25:13 WARN  UserDAOImpl:197 - The method was not completed.
com.mysql.jdbc.exceptions.jdbc4.MySQLIntegrityConstraintViolationException: Duplicate entry 'magnat118@mail.com' for key 'email_UNIQUE'
	at sun.reflect.NativeConstructorAccessorImpl.newInstance0(Native Method)
	at sun.reflect.NativeConstructorAccessorImpl.newInstance(NativeConstructorAccessorImpl.java:62)
	at sun.reflect.DelegatingConstructorAccessorImpl.newInstance(DelegatingConstructorAccessorImpl.java:45)
	at java.lang.reflect.Constructor.newInstance(Constructor.java:423)
	at com.mysql.jdbc.Util.handleNewInstance(Util.java:425)
	at com.mysql.jdbc.Util.getInstance(Util.java:408)
	at com.mysql.jdbc.SQLError.createSQLException(SQLError.java:936)
	at com.mysql.jdbc.MysqlIO.checkErrorPacket(MysqlIO.java:3976)
	at com.mysql.jdbc.MysqlIO.checkErrorPacket(MysqlIO.java:3912)
	at com.mysql.jdbc.MysqlIO.sendCommand(MysqlIO.java:2530)
	at com.mysql.jdbc.MysqlIO.sqlQueryDirect(MysqlIO.java:2683)
	at com.mysql.jdbc.ConnectionImpl.execSQL(ConnectionImpl.java:2486)
	at com.mysql.jdbc.PreparedStatement.executeInternal(PreparedStatement.java:1858)
	at com.mysql.jdbc.PreparedStatement.executeUpdateInternal(PreparedStatement.java:2079)
	at com.mysql.jdbc.PreparedStatement.executeUpdateInternal(PreparedStatement.java:2013)
	at com.mysql.jdbc.PreparedStatement.executeLargeUpdate(PreparedStatement.java:5104)
	at com.mysql.jdbc.PreparedStatement.executeUpdate(PreparedStatement.java:1998)
	at com.epam.final_task.dao.impl.UserDAOImpl.editUser(UserDAOImpl.java:195)
	at com.epam.final_task.dao.impl.UserDAOImplTest.editUser(UserDAOImplTest.java:95)
	at sun.reflect.NativeMethodAccessorImpl.invoke0(Native Method)
	at sun.reflect.NativeMethodAccessorImpl.invoke(NativeMethodAccessorImpl.java:62)
	at sun.reflect.DelegatingMethodAccessorImpl.invoke(DelegatingMethodAccessorImpl.java:43)
	at java.lang.reflect.Method.invoke(Method.java:498)
	at org.junit.runners.model.FrameworkMethod$1.runReflectiveCall(FrameworkMethod.java:50)
	at org.junit.internal.runners.model.ReflectiveCallable.run(ReflectiveCallable.java:12)
	at org.junit.runners.model.FrameworkMethod.invokeExplosively(FrameworkMethod.java:47)
	at org.junit.internal.runners.statements.InvokeMethod.evaluate(InvokeMethod.java:17)
	at org.junit.runners.ParentRunner.runLeaf(ParentRunner.java:325)
	at org.junit.runners.BlockJUnit4ClassRunner.runChild(BlockJUnit4ClassRunner.java:78)
	at org.junit.runners.BlockJUnit4ClassRunner.runChild(BlockJUnit4ClassRunner.java:57)
	at org.junit.runners.ParentRunner$3.run(ParentRunner.java:290)
	at org.junit.runners.ParentRunner$1.schedule(ParentRunner.java:71)
	at org.junit.runners.ParentRunner.runChildren(ParentRunner.java:288)
	at org.junit.runners.ParentRunner.access$000(ParentRunner.java:58)
	at org.junit.runners.ParentRunner$2.evaluate(ParentRunner.java:268)
	at org.junit.runners.ParentRunner.run(ParentRunner.java:363)
	at org.junit.runner.JUnitCore.run(JUnitCore.java:137)
	at com.intellij.junit4.JUnit4IdeaTestRunner.startRunnerWithArgs(JUnit4IdeaTestRunner.java:68)
	at com.intellij.rt.execution.junit.IdeaTestRunner$Repeater.startRunnerWithArgs(IdeaTestRunner.java:47)
	at com.intellij.rt.execution.junit.JUnitStarter.prepareStreamsAndStart(JUnitStarter.java:242)
	at com.intellij.rt.execution.junit.JUnitStarter.main(JUnitStarter.java:70)
2018-05-26 12:37:08 WARN  UserDAOImpl:198 - The method was not completed.
com.mysql.jdbc.exceptions.jdbc4.MySQLIntegrityConstraintViolationException: Duplicate entry 'magnat118@mail.com' for key 'email_UNIQUE'
	at sun.reflect.NativeConstructorAccessorImpl.newInstance0(Native Method)
	at sun.reflect.NativeConstructorAccessorImpl.newInstance(NativeConstructorAccessorImpl.java:62)
	at sun.reflect.DelegatingConstructorAccessorImpl.newInstance(DelegatingConstructorAccessorImpl.java:45)
	at java.lang.reflect.Constructor.newInstance(Constructor.java:423)
	at com.mysql.jdbc.Util.handleNewInstance(Util.java:425)
	at com.mysql.jdbc.Util.getInstance(Util.java:408)
	at com.mysql.jdbc.SQLError.createSQLException(SQLError.java:936)
	at com.mysql.jdbc.MysqlIO.checkErrorPacket(MysqlIO.java:3976)
	at com.mysql.jdbc.MysqlIO.checkErrorPacket(MysqlIO.java:3912)
	at com.mysql.jdbc.MysqlIO.sendCommand(MysqlIO.java:2530)
	at com.mysql.jdbc.MysqlIO.sqlQueryDirect(MysqlIO.java:2683)
	at com.mysql.jdbc.ConnectionImpl.execSQL(ConnectionImpl.java:2486)
	at com.mysql.jdbc.PreparedStatement.executeInternal(PreparedStatement.java:1858)
	at com.mysql.jdbc.PreparedStatement.executeUpdateInternal(PreparedStatement.java:2079)
	at com.mysql.jdbc.PreparedStatement.executeUpdateInternal(PreparedStatement.java:2013)
	at com.mysql.jdbc.PreparedStatement.executeLargeUpdate(PreparedStatement.java:5104)
	at com.mysql.jdbc.PreparedStatement.executeUpdate(PreparedStatement.java:1998)
	at com.epam.final_task.dao.impl.UserDAOImpl.editUser(UserDAOImpl.java:196)
	at com.epam.final_task.dao.impl.UserDAOImpl.main(UserDAOImpl.java:222)
2018-05-26 14:11:29 WARN  UserDAOImpl:198 - The method was not completed.
com.mysql.jdbc.exceptions.jdbc4.MySQLIntegrityConstraintViolationException: Duplicate entry 'magnat118@mail.com' for key 'email_UNIQUE'
	at sun.reflect.NativeConstructorAccessorImpl.newInstance0(Native Method)
	at sun.reflect.NativeConstructorAccessorImpl.newInstance(NativeConstructorAccessorImpl.java:62)
	at sun.reflect.DelegatingConstructorAccessorImpl.newInstance(DelegatingConstructorAccessorImpl.java:45)
	at java.lang.reflect.Constructor.newInstance(Constructor.java:423)
	at com.mysql.jdbc.Util.handleNewInstance(Util.java:425)
	at com.mysql.jdbc.Util.getInstance(Util.java:408)
	at com.mysql.jdbc.SQLError.createSQLException(SQLError.java:936)
	at com.mysql.jdbc.MysqlIO.checkErrorPacket(MysqlIO.java:3976)
	at com.mysql.jdbc.MysqlIO.checkErrorPacket(MysqlIO.java:3912)
	at com.mysql.jdbc.MysqlIO.sendCommand(MysqlIO.java:2530)
	at com.mysql.jdbc.MysqlIO.sqlQueryDirect(MysqlIO.java:2683)
	at com.mysql.jdbc.ConnectionImpl.execSQL(ConnectionImpl.java:2486)
	at com.mysql.jdbc.PreparedStatement.executeInternal(PreparedStatement.java:1858)
	at com.mysql.jdbc.PreparedStatement.executeUpdateInternal(PreparedStatement.java:2079)
	at com.mysql.jdbc.PreparedStatement.executeUpdateInternal(PreparedStatement.java:2013)
	at com.mysql.jdbc.PreparedStatement.executeLargeUpdate(PreparedStatement.java:5104)
	at com.mysql.jdbc.PreparedStatement.executeUpdate(PreparedStatement.java:1998)
	at com.epam.final_task.dao.impl.UserDAOImpl.editUser(UserDAOImpl.java:196)
	at com.epam.final_task.dao.impl.UserDAOImpl.main(UserDAOImpl.java:222)
